<?xml version="1.0" encoding="UTF-8"?>
<!-- Generated by org.testng.reporters.JUnitXMLReporter -->
<testsuite hostname="ganukay-7-int" name="Search" tests="39" failures="0" timestamp="13 Jun 2014 09:39:40 GMT" time="64.571" errors="0">
  <testcase name="@BeforeMethod launchBrowser" time="0.0" classname="com.pronto.licenseserver.test.execution.APIUsageValidationExecution">
    <failure type="org.openqa.selenium.WebDriverException" message="unknown error: Chrome failed to start: exited normally
  (Driver info: chromedriver=2.7.236900,platform=Windows NT 6.1 SP1 x86_64) (WARNING: The server did not provide any stacktrace information)
Command duration or timeout: 21.29 seconds
Build info: version: &amp;apos;2.42.2&amp;apos;, revision: &amp;apos;6a6995d31c7c56c340d6f45a76976d43506cd6cc&amp;apos;, time: &amp;apos;2014-06-03 10:52:47&amp;apos;
System info: host: &amp;apos;ganukay-7-int&amp;apos;, ip: &amp;apos;172.17.33.8&amp;apos;, os.name: &amp;apos;Windows 7&amp;apos;, os.arch: &amp;apos;amd64&amp;apos;, os.version: &amp;apos;6.1&amp;apos;, java.version: &amp;apos;1.7.0_15&amp;apos;
Driver info: org.openqa.selenium.chrome.ChromeDriver">
      <![CDATA[org.openqa.selenium.WebDriverException: unknown error: Chrome failed to start: exited normally
  (Driver info: chromedriver=2.7.236900,platform=Windows NT 6.1 SP1 x86_64) (WARNING: The server did not provide any stacktrace information)
Command duration or timeout: 21.29 seconds
Build info: version: '2.42.2', revision: '6a6995d31c7c56c340d6f45a76976d43506cd6cc', time: '2014-06-03 10:52:47'
System info: host: 'ganukay-7-int', ip: '172.17.33.8', os.name: 'Windows 7', os.arch: 'amd64', os.version: '6.1', java.version: '1.7.0_15'
Driver info: org.openqa.selenium.chrome.ChromeDriver
	at org.openqa.selenium.remote.ErrorHandler.createThrowable(ErrorHandler.java:204)
	at org.openqa.selenium.remote.ErrorHandler.throwIfResponseFailed(ErrorHandler.java:156)
	at org.openqa.selenium.remote.RemoteWebDriver.execute(RemoteWebDriver.java:599)
	at org.openqa.selenium.remote.RemoteWebDriver.startSession(RemoteWebDriver.java:240)
	at org.openqa.selenium.remote.RemoteWebDriver.<init>(RemoteWebDriver.java:126)
	at org.openqa.selenium.remote.RemoteWebDriver.<init>(RemoteWebDriver.java:139)
	at org.openqa.selenium.chrome.ChromeDriver.<init>(ChromeDriver.java:171)
	at org.openqa.selenium.chrome.ChromeDriver.<init>(ChromeDriver.java:160)
	at org.openqa.selenium.chrome.ChromeDriver.<init>(ChromeDriver.java:117)
	at com.pronto.licenseserver.test.helper.TestCasePrevLoad.launchBrowser(TestCasePrevLoad.java:77)
	at org.apache.maven.surefire.testng.TestNGExecutor.run(TestNGExecutor.java:293)
	at org.apache.maven.surefire.testng.TestNGXmlTestSuite.execute(TestNGXmlTestSuite.java:84)
	at org.apache.maven.surefire.testng.TestNGProvider.invoke(TestNGProvider.java:91)
	at org.apache.maven.surefire.booter.ForkedBooter.invokeProviderInSameClassLoader(ForkedBooter.java:200)
	at org.apache.maven.surefire.booter.ForkedBooter.runSuitesInProcess(ForkedBooter.java:153)
	at org.apache.maven.surefire.booter.ForkedBooter.main(ForkedBooter.java:103)
... Removed 27 stack frames]]>
    </failure>
  </testcase>
  <testcase name="@AfterMethod AfterMethod" time="0.0" classname="com.pronto.licenseserver.test.execution.APIUsageValidationExecution">
    <skipped/>
  </testcase>
  <testcase name="@AfterClass AfterClass" time="0.0" classname="com.pronto.licenseserver.test.execution.APIUsageValidationExecution">
    <skipped/>
  </testcase>
  <testcase name="@BeforeMethod launchBrowser" time="0.0" classname="com.pronto.licenseserver.test.execution.DailyUsageAPIValidationExecution">
    <skipped/>
  </testcase>
  <testcase name="@AfterMethod AfterMethod" time="0.0" classname="com.pronto.licenseserver.test.execution.DailyUsageAPIValidationExecution">
    <skipped/>
  </testcase>
  <testcase name="@BeforeMethod launchBrowser" time="0.0" classname="com.pronto.licenseserver.test.execution.DailyUsageAPIValidationExecution">
    <skipped/>
  </testcase>
  <testcase name="@AfterMethod AfterMethod" time="0.0" classname="com.pronto.licenseserver.test.execution.DailyUsageAPIValidationExecution">
    <skipped/>
  </testcase>
  <testcase name="@BeforeMethod launchBrowser" time="0.0" classname="com.pronto.licenseserver.test.execution.DailyUsageAPIValidationExecution">
    <skipped/>
  </testcase>
  <testcase name="@AfterMethod AfterMethod" time="0.0" classname="com.pronto.licenseserver.test.execution.DailyUsageAPIValidationExecution">
    <skipped/>
  </testcase>
  <testcase name="@BeforeMethod launchBrowser" time="0.0" classname="com.pronto.licenseserver.test.execution.DailyUsageAPIValidationExecution">
    <skipped/>
  </testcase>
  <testcase name="@AfterMethod AfterMethod" time="0.0" classname="com.pronto.licenseserver.test.execution.DailyUsageAPIValidationExecution">
    <skipped/>
  </testcase>
  <testcase name="@BeforeMethod launchBrowser" time="0.0" classname="com.pronto.licenseserver.test.execution.DailyUsageAPIValidationExecution">
    <skipped/>
  </testcase>
  <testcase name="@AfterMethod AfterMethod" time="0.0" classname="com.pronto.licenseserver.test.execution.DailyUsageAPIValidationExecution">
    <skipped/>
  </testcase>
  <testcase name="@BeforeMethod launchBrowser" time="0.0" classname="com.pronto.licenseserver.test.execution.DailyUsageAPIValidationExecution">
    <skipped/>
  </testcase>
  <testcase name="@AfterMethod AfterMethod" time="0.0" classname="com.pronto.licenseserver.test.execution.DailyUsageAPIValidationExecution">
    <skipped/>
  </testcase>
  <testcase name="@AfterClass AfterClass" time="0.0" classname="com.pronto.licenseserver.test.execution.DailyUsageAPIValidationExecution">
    <skipped/>
  </testcase>
  <testcase name="@BeforeMethod launchBrowser" time="0.0" classname="com.pronto.licenseserver.test.execution.DailyUsageProductValidationExecution">
    <skipped/>
  </testcase>
  <testcase name="@AfterMethod AfterMethod" time="0.0" classname="com.pronto.licenseserver.test.execution.DailyUsageProductValidationExecution">
    <skipped/>
  </testcase>
  <testcase name="@BeforeMethod launchBrowser" time="0.0" classname="com.pronto.licenseserver.test.execution.DailyUsageProductValidationExecution">
    <skipped/>
  </testcase>
  <testcase name="@AfterMethod AfterMethod" time="0.0" classname="com.pronto.licenseserver.test.execution.DailyUsageProductValidationExecution">
    <skipped/>
  </testcase>
  <testcase name="@BeforeMethod launchBrowser" time="0.0" classname="com.pronto.licenseserver.test.execution.DailyUsageProductValidationExecution">
    <skipped/>
  </testcase>
  <testcase name="@AfterMethod AfterMethod" time="0.0" classname="com.pronto.licenseserver.test.execution.DailyUsageProductValidationExecution">
    <skipped/>
  </testcase>
  <testcase name="@AfterClass AfterClass" time="0.0" classname="com.pronto.licenseserver.test.execution.DailyUsageProductValidationExecution">
    <skipped/>
  </testcase>
  <testcase name="@BeforeMethod launchBrowser" time="0.0" classname="com.pronto.licenseserver.test.execution.DailyUsageUserValidationExecution">
    <skipped/>
  </testcase>
  <testcase name="@AfterMethod AfterMethod" time="0.0" classname="com.pronto.licenseserver.test.execution.DailyUsageUserValidationExecution">
    <skipped/>
  </testcase>
  <testcase name="@BeforeMethod launchBrowser" time="0.0" classname="com.pronto.licenseserver.test.execution.DailyUsageUserValidationExecution">
    <skipped/>
  </testcase>
  <testcase name="@AfterMethod AfterMethod" time="0.0" classname="com.pronto.licenseserver.test.execution.DailyUsageUserValidationExecution">
    <skipped/>
  </testcase>
  <testcase name="@BeforeMethod launchBrowser" time="0.0" classname="com.pronto.licenseserver.test.execution.DailyUsageUserValidationExecution">
    <skipped/>
  </testcase>
  <testcase name="@AfterMethod AfterMethod" time="0.0" classname="com.pronto.licenseserver.test.execution.DailyUsageUserValidationExecution">
    <skipped/>
  </testcase>
  <testcase name="@BeforeMethod launchBrowser" time="0.0" classname="com.pronto.licenseserver.test.execution.DailyUsageUserValidationExecution">
    <skipped/>
  </testcase>
  <testcase name="@AfterMethod AfterMethod" time="0.0" classname="com.pronto.licenseserver.test.execution.DailyUsageUserValidationExecution">
    <skipped/>
  </testcase>
  <testcase name="@AfterClass AfterClass" time="0.0" classname="com.pronto.licenseserver.test.execution.DailyUsageUserValidationExecution">
    <skipped/>
  </testcase>
  <testcase name="@BeforeMethod launchBrowser" time="0.0" classname="com.pronto.licenseserver.test.execution.DailyUsageValidationExecution">
    <skipped/>
  </testcase>
  <testcase name="@AfterMethod AfterMethod" time="0.0" classname="com.pronto.licenseserver.test.execution.DailyUsageValidationExecution">
    <skipped/>
  </testcase>
  <testcase name="@BeforeMethod launchBrowser" time="0.0" classname="com.pronto.licenseserver.test.execution.DailyUsageValidationExecution">
    <skipped/>
  </testcase>
  <testcase name="@AfterMethod AfterMethod" time="0.0" classname="com.pronto.licenseserver.test.execution.DailyUsageValidationExecution">
    <skipped/>
  </testcase>
  <testcase name="@BeforeMethod launchBrowser" time="0.0" classname="com.pronto.licenseserver.test.execution.DailyUsageValidationExecution">
    <skipped/>
  </testcase>
  <testcase name="@AfterMethod AfterMethod" time="0.0" classname="com.pronto.licenseserver.test.execution.DailyUsageValidationExecution">
    <skipped/>
  </testcase>
  <testcase name="@AfterClass AfterClass" time="0.0" classname="com.pronto.licenseserver.test.execution.DailyUsageValidationExecution">
    <skipped/>
  </testcase>
  <testcase name="@BeforeMethod launchBrowser" time="0.0" classname="com.pronto.licenseserver.test.execution.LoginExecution">
    <skipped/>
  </testcase>
  <testcase name="@AfterMethod AfterMethod" time="0.0" classname="com.pronto.licenseserver.test.execution.LoginExecution">
    <skipped/>
  </testcase>
  <testcase name="@BeforeMethod launchBrowser" time="0.0" classname="com.pronto.licenseserver.test.execution.LoginExecution">
    <skipped/>
  </testcase>
  <testcase name="@AfterMethod AfterMethod" time="0.0" classname="com.pronto.licenseserver.test.execution.LoginExecution">
    <skipped/>
  </testcase>
  <testcase name="@BeforeMethod launchBrowser" time="0.0" classname="com.pronto.licenseserver.test.execution.LoginExecution">
    <skipped/>
  </testcase>
  <testcase name="@AfterMethod AfterMethod" time="0.0" classname="com.pronto.licenseserver.test.execution.LoginExecution">
    <skipped/>
  </testcase>
  <testcase name="@BeforeMethod launchBrowser" time="0.0" classname="com.pronto.licenseserver.test.execution.LoginExecution">
    <skipped/>
  </testcase>
  <testcase name="@AfterMethod AfterMethod" time="0.0" classname="com.pronto.licenseserver.test.execution.LoginExecution">
    <skipped/>
  </testcase>
  <testcase name="@AfterClass AfterClass" time="0.0" classname="com.pronto.licenseserver.test.execution.LoginExecution">
    <skipped/>
  </testcase>
  <testcase name="@BeforeMethod launchBrowser" time="0.0" classname="com.pronto.licenseserver.test.execution.MenuExecutionValidation">
    <skipped/>
  </testcase>
  <testcase name="@AfterMethod AfterMethod" time="0.0" classname="com.pronto.licenseserver.test.execution.MenuExecutionValidation">
    <skipped/>
  </testcase>
  <testcase name="@AfterClass AfterClass" time="0.0" classname="com.pronto.licenseserver.test.execution.MenuExecutionValidation">
    <skipped/>
  </testcase>
  <testcase name="@BeforeMethod launchBrowser" time="0.0" classname="com.pronto.licenseserver.test.execution.NavigationExecution">
    <skipped/>
  </testcase>
  <testcase name="@AfterMethod AfterMethod" time="0.0" classname="com.pronto.licenseserver.test.execution.NavigationExecution">
    <skipped/>
  </testcase>
  <testcase name="@BeforeMethod launchBrowser" time="0.0" classname="com.pronto.licenseserver.test.execution.NavigationExecution">
    <skipped/>
  </testcase>
  <testcase name="@AfterMethod AfterMethod" time="0.0" classname="com.pronto.licenseserver.test.execution.NavigationExecution">
    <skipped/>
  </testcase>
  <testcase name="@BeforeMethod launchBrowser" time="0.0" classname="com.pronto.licenseserver.test.execution.NavigationExecution">
    <skipped/>
  </testcase>
  <testcase name="@AfterMethod AfterMethod" time="0.0" classname="com.pronto.licenseserver.test.execution.NavigationExecution">
    <skipped/>
  </testcase>
  <testcase name="@BeforeMethod launchBrowser" time="0.0" classname="com.pronto.licenseserver.test.execution.NavigationExecution">
    <skipped/>
  </testcase>
  <testcase name="@AfterMethod AfterMethod" time="0.0" classname="com.pronto.licenseserver.test.execution.NavigationExecution">
    <skipped/>
  </testcase>
  <testcase name="@AfterClass AfterClass" time="0.0" classname="com.pronto.licenseserver.test.execution.NavigationExecution">
    <skipped/>
  </testcase>
  <testcase name="@BeforeMethod launchBrowser" time="0.0" classname="com.pronto.licenseserver.test.execution.ProductUsageValidationExecution">
    <skipped/>
  </testcase>
  <testcase name="@AfterMethod AfterMethod" time="0.0" classname="com.pronto.licenseserver.test.execution.ProductUsageValidationExecution">
    <skipped/>
  </testcase>
  <testcase name="@BeforeMethod launchBrowser" time="0.0" classname="com.pronto.licenseserver.test.execution.ProductUsageValidationExecution">
    <skipped/>
  </testcase>
  <testcase name="@AfterMethod AfterMethod" time="0.0" classname="com.pronto.licenseserver.test.execution.ProductUsageValidationExecution">
    <skipped/>
  </testcase>
  <testcase name="@AfterClass AfterClass" time="0.0" classname="com.pronto.licenseserver.test.execution.ProductUsageValidationExecution">
    <skipped/>
  </testcase>
  <testcase name="@BeforeMethod launchBrowser" time="0.0" classname="com.pronto.licenseserver.test.execution.SearchPanelValidationExecution">
    <skipped/>
  </testcase>
  <testcase name="@AfterMethod AfterMethod" time="0.0" classname="com.pronto.licenseserver.test.execution.SearchPanelValidationExecution">
    <skipped/>
  </testcase>
  <testcase name="@BeforeMethod launchBrowser" time="0.0" classname="com.pronto.licenseserver.test.execution.SearchPanelValidationExecution">
    <skipped/>
  </testcase>
  <testcase name="@AfterMethod AfterMethod" time="0.0" classname="com.pronto.licenseserver.test.execution.SearchPanelValidationExecution">
    <skipped/>
  </testcase>
  <testcase name="@BeforeMethod launchBrowser" time="0.0" classname="com.pronto.licenseserver.test.execution.SearchPanelValidationExecution">
    <skipped/>
  </testcase>
  <testcase name="@AfterMethod AfterMethod" time="0.0" classname="com.pronto.licenseserver.test.execution.SearchPanelValidationExecution">
    <skipped/>
  </testcase>
  <testcase name="@BeforeMethod launchBrowser" time="0.0" classname="com.pronto.licenseserver.test.execution.SearchPanelValidationExecution">
    <skipped/>
  </testcase>
  <testcase name="@AfterMethod AfterMethod" time="0.0" classname="com.pronto.licenseserver.test.execution.SearchPanelValidationExecution">
    <skipped/>
  </testcase>
  <testcase name="@BeforeMethod launchBrowser" time="0.0" classname="com.pronto.licenseserver.test.execution.SearchPanelValidationExecution">
    <skipped/>
  </testcase>
  <testcase name="@AfterMethod AfterMethod" time="0.0" classname="com.pronto.licenseserver.test.execution.SearchPanelValidationExecution">
    <skipped/>
  </testcase>
  <testcase name="@AfterClass AfterClass" time="0.0" classname="com.pronto.licenseserver.test.execution.SearchPanelValidationExecution">
    <skipped/>
  </testcase>
  <testcase name="@AfterClass AfterClass" time="0.0" classname="com.pronto.licenseserver.test.execution.UsageValidationExecution">
    <skipped/>
  </testcase>
  <testcase name="@BeforeMethod launchBrowser" time="0.0" classname="com.pronto.licenseserver.test.execution.UserUsageValidationExecution">
    <skipped/>
  </testcase>
  <testcase name="@AfterMethod AfterMethod" time="0.0" classname="com.pronto.licenseserver.test.execution.UserUsageValidationExecution">
    <skipped/>
  </testcase>
  <testcase name="@BeforeMethod launchBrowser" time="0.0" classname="com.pronto.licenseserver.test.execution.UserUsageValidationExecution">
    <skipped/>
  </testcase>
  <testcase name="@AfterMethod AfterMethod" time="0.0" classname="com.pronto.licenseserver.test.execution.UserUsageValidationExecution">
    <skipped/>
  </testcase>
  <testcase name="@BeforeMethod launchBrowser" time="0.0" classname="com.pronto.licenseserver.test.execution.UserUsageValidationExecution">
    <skipped/>
  </testcase>
  <testcase name="@AfterMethod AfterMethod" time="0.0" classname="com.pronto.licenseserver.test.execution.UserUsageValidationExecution">
    <skipped/>
  </testcase>
  <testcase name="@BeforeMethod launchBrowser" time="0.0" classname="com.pronto.licenseserver.test.execution.UserUsageValidationExecution">
    <skipped/>
  </testcase>
  <testcase name="@AfterMethod AfterMethod" time="0.0" classname="com.pronto.licenseserver.test.execution.UserUsageValidationExecution">
    <skipped/>
  </testcase>
  <testcase name="@AfterClass AfterClass" time="0.0" classname="com.pronto.licenseserver.test.execution.UserUsageValidationExecution">
    <skipped/>
  </testcase>
  <testcase name="@AfterTest afterTest" time="0.0" classname="com.pronto.licenseserver.test.execution.DailyUsageUserValidationExecution">
    <skipped/>
  </testcase>
  <testcase name="apiUsageValidation" time="32.388" classname="com.pronto.licenseserver.test.execution.APIUsageValidationExecution"/>
  <testcase name="apiUsageValidation" time="0.001" classname="com.pronto.licenseserver.test.execution.APIUsageValidationExecution">
    <skipped/>
  </testcase>
  <testcase name="dailyUsageAPIValidation" time="0.0" classname="com.pronto.licenseserver.test.execution.DailyUsageAPIValidationExecution">
    <skipped/>
  </testcase>
  <testcase name="dailyUsageAPIValidation" time="0.0" classname="com.pronto.licenseserver.test.execution.DailyUsageAPIValidationExecution">
    <skipped/>
  </testcase>
  <testcase name="dailyUsageAPIValidation" time="0.0" classname="com.pronto.licenseserver.test.execution.DailyUsageAPIValidationExecution">
    <skipped/>
  </testcase>
  <testcase name="dailyUsageAPIValidation" time="0.001" classname="com.pronto.licenseserver.test.execution.DailyUsageAPIValidationExecution">
    <skipped/>
  </testcase>
  <testcase name="dailyUsageAPIValidation" time="0.0" classname="com.pronto.licenseserver.test.execution.DailyUsageAPIValidationExecution">
    <skipped/>
  </testcase>
  <testcase name="dailyUsageAPIValidation" time="0.001" classname="com.pronto.licenseserver.test.execution.DailyUsageAPIValidationExecution">
    <skipped/>
  </testcase>
  <testcase name="dailyUsageProductValidation" time="0.0" classname="com.pronto.licenseserver.test.execution.DailyUsageProductValidationExecution">
    <skipped/>
  </testcase>
  <testcase name="dailyUsageProductValidation" time="0.0" classname="com.pronto.licenseserver.test.execution.DailyUsageProductValidationExecution">
    <skipped/>
  </testcase>
  <testcase name="dailyUsageProductValidation" time="0.0" classname="com.pronto.licenseserver.test.execution.DailyUsageProductValidationExecution">
    <skipped/>
  </testcase>
  <testcase name="dailyUsageUserValidation" time="0.0" classname="com.pronto.licenseserver.test.execution.DailyUsageUserValidationExecution">
    <skipped/>
  </testcase>
  <testcase name="dailyUsageUserValidation" time="0.0" classname="com.pronto.licenseserver.test.execution.DailyUsageUserValidationExecution">
    <skipped/>
  </testcase>
  <testcase name="dailyUsageUserValidation" time="0.0" classname="com.pronto.licenseserver.test.execution.DailyUsageUserValidationExecution">
    <skipped/>
  </testcase>
  <testcase name="dailyUsageUserValidation" time="0.0" classname="com.pronto.licenseserver.test.execution.DailyUsageUserValidationExecution">
    <skipped/>
  </testcase>
  <testcase name="dailyUsageValidation" time="0.0" classname="com.pronto.licenseserver.test.execution.DailyUsageValidationExecution">
    <skipped/>
  </testcase>
  <testcase name="dailyUsageValidation" time="0.0" classname="com.pronto.licenseserver.test.execution.DailyUsageValidationExecution">
    <skipped/>
  </testcase>
  <testcase name="dailyUsageValidation" time="0.0" classname="com.pronto.licenseserver.test.execution.DailyUsageValidationExecution">
    <skipped/>
  </testcase>
  <testcase name="LoginExecute" time="0.0" classname="com.pronto.licenseserver.test.execution.LoginExecution">
    <skipped/>
  </testcase>
  <testcase name="LoginExecute" time="0.001" classname="com.pronto.licenseserver.test.execution.LoginExecution">
    <skipped/>
  </testcase>
  <testcase name="LoginExecute" time="0.0" classname="com.pronto.licenseserver.test.execution.LoginExecution">
    <skipped/>
  </testcase>
  <testcase name="LoginExecute" time="0.0" classname="com.pronto.licenseserver.test.execution.LoginExecution">
    <skipped/>
  </testcase>
  <testcase name="validataMenuPages" time="0.0" classname="com.pronto.licenseserver.test.execution.MenuExecutionValidation">
    <skipped/>
  </testcase>
  <testcase name="homePageValidation" time="0.0" classname="com.pronto.licenseserver.test.execution.NavigationExecution">
    <skipped/>
  </testcase>
  <testcase name="homePageValidation" time="0.0" classname="com.pronto.licenseserver.test.execution.NavigationExecution">
    <skipped/>
  </testcase>
  <testcase name="homePageValidation" time="0.0" classname="com.pronto.licenseserver.test.execution.NavigationExecution">
    <skipped/>
  </testcase>
  <testcase name="homePageValidation" time="0.0" classname="com.pronto.licenseserver.test.execution.NavigationExecution">
    <skipped/>
  </testcase>
  <testcase name="productUsageValidation" time="0.0" classname="com.pronto.licenseserver.test.execution.ProductUsageValidationExecution">
    <skipped/>
  </testcase>
  <testcase name="productUsageValidation" time="0.0" classname="com.pronto.licenseserver.test.execution.ProductUsageValidationExecution">
    <skipped/>
  </testcase>
  <testcase name="searchPanelValidation" time="0.0" classname="com.pronto.licenseserver.test.execution.SearchPanelValidationExecution">
    <skipped/>
  </testcase>
  <testcase name="searchPanelValidation" time="0.0" classname="com.pronto.licenseserver.test.execution.SearchPanelValidationExecution">
    <skipped/>
  </testcase>
  <testcase name="searchPanelValidation" time="0.0" classname="com.pronto.licenseserver.test.execution.SearchPanelValidationExecution">
    <skipped/>
  </testcase>
  <testcase name="searchPanelValidation" time="0.0" classname="com.pronto.licenseserver.test.execution.SearchPanelValidationExecution">
    <skipped/>
  </testcase>
  <testcase name="searchPanelValidation" time="0.0" classname="com.pronto.licenseserver.test.execution.SearchPanelValidationExecution">
    <skipped/>
  </testcase>
  <testcase name="overallUsageValidation" time="0.004" classname="com.pronto.licenseserver.test.execution.UsageValidationExecution">
    <skipped/>
  </testcase>
  <testcase name="userUsageValidation" time="0.0" classname="com.pronto.licenseserver.test.execution.UserUsageValidationExecution">
    <skipped/>
  </testcase>
  <testcase name="userUsageValidation" time="0.0" classname="com.pronto.licenseserver.test.execution.UserUsageValidationExecution">
    <skipped/>
  </testcase>
  <testcase name="userUsageValidation" time="0.0" classname="com.pronto.licenseserver.test.execution.UserUsageValidationExecution">
    <skipped/>
  </testcase>
  <testcase name="userUsageValidation" time="0.0" classname="com.pronto.licenseserver.test.execution.UserUsageValidationExecution">
    <skipped/>
  </testcase>
</testsuite>
